<?xml version="1.0" encoding="UTF-8"?>
<!-- Generated by org.testng.reporters.JUnitReportReporter -->
<testsuite skipped="0" hostname="DESKTOP-0TCCTUB" name="Get_and_Post_Examples" tests="1" failures="0" timestamp="2021-03-29T11:08:39 IST" time="6.292" errors="0">
  <testcase name="testPOST" time="6.292" classname="Get_and_Post_Examples"/>
  <system-out/>
</testsuite> <!-- Get_and_Post_Examples -->
