<?xml version="1.0" encoding="UTF-8"?>
<!-- Generated by org.testng.reporters.JUnitReportReporter -->
<testsuite skipped="0" hostname="DESKTOP-0TCCTUB" name="Test01_GET" tests="3" failures="0" timestamp="2021-04-03T16:23:31 IST" time="15.268" errors="0">
  <testcase name="test_GET" time="3.201" classname="Test01_GET"/>
  <system-out/>
  <testcase name="test03_bodyofResponse" time="4.562" classname="Test01_GET"/>
  <system-out/>
  <testcase name="test02" time="7.505" classname="Test01_GET"/>
  <system-out/>
</testsuite> <!-- Test01_GET -->
