<?xml version="1.0" encoding="UTF-8"?>
<!-- Generated by org.testng.reporters.JUnitReportReporter -->
<testsuite skipped="0" hostname="DESKTOP-0TCCTUB" name="Utility.ExcelData" tests="1" failures="0" timestamp="2021-04-03T20:29:07 IST" time="0.035" errors="0">
  <testcase name="callDatatoTest" time="0.035" classname="Utility.ExcelData"/>
  <system-out/>
</testsuite> <!-- Utility.ExcelData -->
