<?xml version="1.0" encoding="UTF-8"?>
<!-- Generated by org.testng.reporters.JUnitReportReporter -->
<testsuite skipped="0" hostname="DESKTOP-0TCCTUB" name="Test01_GET" tests="3" failures="0" timestamp="2021-03-28T21:04:58 IST" time="6.055" errors="0">
  <testcase name="test_GET" time="0.532" classname="Test01_GET"/>
  <system-out/>
  <testcase name="test03_bodyofResponse" time="1.477" classname="Test01_GET"/>
  <system-out/>
  <testcase name="test02" time="4.046" classname="Test01_GET"/>
  <system-out/>
</testsuite> <!-- Test01_GET -->
