<?xml version="1.0" encoding="UTF-8"?>
<!-- Generated by org.testng.reporters.JUnitReportReporter -->
<testsuite skipped="0" hostname="DESKTOP-0TCCTUB" name="PutPatchDeleteExamples" tests="3" failures="0" timestamp="2021-03-29T14:04:50 IST" time="6.920" errors="0">
  <testcase name="delete_Test" time="4.566" classname="PutPatchDeleteExamples"/>
  <system-out/>
  <testcase name="patch_Test" time="1.271" classname="PutPatchDeleteExamples"/>
  <system-out/>
  <testcase name="put_Test" time="1.083" classname="PutPatchDeleteExamples"/>
  <system-out/>
</testsuite> <!-- PutPatchDeleteExamples -->
