<?xml version="1.0" encoding="UTF-8"?>
<!-- Generated by org.testng.reporters.JUnitReportReporter -->
<testsuite skipped="0" hostname="DESKTOP-0TCCTUB" name="test_Local.parameterization" tests="3" failures="0" timestamp="2021-04-04T20:51:45 IST" time="10.519" errors="0">
  <testcase name="GET" time="9.901" classname="test_Local.parameterization"/>
  <system-out/>
  <testcase name="GET" time="0.306" classname="test_Local.parameterization"/>
  <system-out/>
  <testcase name="GET" time="0.312" classname="test_Local.parameterization"/>
  <system-out/>
</testsuite> <!-- test_Local.parameterization -->
